2021-04-29 14:19:48,582:INFO:PyCaret Supervised Module
2021-04-29 14:19:48,583:INFO:ML Usecase: regression
2021-04-29 14:19:48,583:INFO:version 2.3.0
2021-04-29 14:19:48,584:INFO:Initializing setup()
2021-04-29 14:19:48,584:INFO:setup(target=SalePrice, ml_usecase=regression, available_plots={'parameter': 'Hyperparameters', 'residuals': 'Residuals', 'error': 'Prediction Error', 'cooks': 'Cooks Distance', 'rfe': 'Feature Selection', 'learning': 'Learning Curve', 'manifold': 'Manifold Learning', 'vc': 'Validation Curve', 'feature': 'Feature Importance', 'feature_all': 'Feature Importance (All)', 'tree': 'Decision Tree', 'residuals_interactive': 'Interactive Residuals'}, train_size=0.7, test_data=None, preprocess=True, imputation_type=simple, iterative_imputation_iters=5, categorical_features=None, categorical_imputation=constant, categorical_iterative_imputer=lightgbm, ordinal_features=None, high_cardinality_features=None, high_cardinality_method=frequency, numeric_features=None, numeric_imputation=mean, numeric_iterative_imputer=lightgbm, date_features=None, ignore_features=None, normalize=False, normalize_method=zscore, transformation=False, transformation_method=yeo-johnson, handle_unknown_categorical=True, unknown_categorical_method=least_frequent, pca=False, pca_method=linear, pca_components=None, ignore_low_variance=False, combine_rare_levels=False, rare_level_threshold=0.1, bin_numeric_features=None, remove_outliers=False, outliers_threshold=0.05, remove_multicollinearity=False, multicollinearity_threshold=0.9, remove_perfect_collinearity=True, create_clusters=False, cluster_iter=20, polynomial_features=False, polynomial_degree=2, trigonometry_features=False, polynomial_threshold=0.1, group_features=None, group_names=None, feature_selection=False, feature_selection_threshold=0.8, feature_selection_method=classic, feature_interaction=False, feature_ratio=False, interaction_threshold=0.01, fix_imbalance=False, fix_imbalance_method=None, transform_target=False, transform_target_method=box-cox, data_split_shuffle=True, data_split_stratify=False, fold_strategy=kfold, fold=10, fold_shuffle=False, fold_groups=None, n_jobs=-1, use_gpu=False, custom_pipeline=None, html=True, session_id=None, log_experiment=False, experiment_name=None, log_plots=False, log_profile=False, log_data=False, silent=False, verbose=True, profile=False, profile_kwargs=None, display=None)
2021-04-29 14:19:48,584:INFO:Checking environment
2021-04-29 14:19:48,584:INFO:python_version: 3.7.6
2021-04-29 14:19:48,585:INFO:python_build: ('default', 'Jan  8 2020 20:23:39')
2021-04-29 14:19:48,585:INFO:machine: AMD64
2021-04-29 14:19:48,585:INFO:platform: Windows-10-10.0.19041-SP0
2021-04-29 14:19:48,585:INFO:Memory: svmem(total=6333771776, available=1840152576, percent=70.9, used=4493619200, free=1840152576)
2021-04-29 14:19:48,586:INFO:Physical Core: 2
2021-04-29 14:19:48,586:INFO:Logical Core: 4
2021-04-29 14:19:48,586:INFO:Checking libraries
2021-04-29 14:19:48,586:INFO:pd==1.0.1
2021-04-29 14:19:48,586:INFO:numpy==1.19.5
2021-04-29 14:19:48,586:INFO:sklearn==0.23.2
2021-04-29 14:19:48,587:INFO:lightgbm==3.1.1
2021-04-29 14:19:48,587:INFO:catboost==0.24.4
2021-04-29 14:19:48,587:INFO:xgboost==1.3.1
2021-04-29 14:19:49,845:INFO:mlflow==1.14.1
2021-04-29 14:19:49,845:INFO:Checking Exceptions
2021-04-29 14:19:49,845:INFO:Declaring global variables
2021-04-29 14:19:49,845:INFO:USI: e5a1
2021-04-29 14:19:49,845:INFO:pycaret_globals: {'master_model_container', 'experiment__', 'imputation_regressor', 'gpu_param', 'X_test', '_all_metrics', 'y', 'n_jobs_param', 'fold_param', 'exp_name_log', '_ml_usecase', 'display_container', 'create_model_container', 'prep_pipe', 'stratify_param', 'X', 'y_train', 'fold_groups_param', 'X_train', 'logging_param', '_all_models_internal', 'html_param', 'fold_generator', 'pycaret_globals', 'fix_imbalance_method_param', 'iterative_imputation_iters_param', 'seed', '_internal_pipeline', 'fold_shuffle_param', 'transform_target_method_param', 'log_plots_param', 'y_test', 'fix_imbalance_param', 'imputation_classifier', '_gpu_n_jobs_param', 'target_param', 'USI', '_all_models', '_available_plots', 'data_before_preprocess', 'transform_target_param'}
2021-04-29 14:19:49,845:INFO:Preparing display monitor
2021-04-29 14:19:49,845:INFO:Preparing display monitor
2021-04-29 14:19:49,861:INFO:Importing libraries
2021-04-29 14:19:49,861:INFO:Copying data for preprocessing
2021-04-29 14:19:49,890:INFO:Declaring preprocessing parameters
2021-04-29 14:19:49,896:INFO:Creating preprocessing pipeline
2021-04-29 14:19:49,960:INFO:Preprocessing pipeline created successfully
2021-04-29 14:19:49,960:ERROR:(Process Exit): setup has been interupted with user command 'quit'. setup must rerun.
2021-04-29 14:19:49,961:INFO:Creating global containers
2021-04-29 14:19:49,963:INFO:Internal pipeline: Pipeline(memory=None, steps=[('empty_step', 'passthrough')], verbose=False)
2021-05-06 22:13:58,754:INFO:PyCaret Supervised Module
2021-05-06 22:13:58,755:INFO:ML Usecase: regression
2021-05-06 22:13:58,755:INFO:version 2.3.0
2021-05-06 22:13:58,756:INFO:Initializing setup()
2021-05-06 22:13:58,756:INFO:setup(target=SalePrice, ml_usecase=regression, available_plots={'parameter': 'Hyperparameters', 'residuals': 'Residuals', 'error': 'Prediction Error', 'cooks': 'Cooks Distance', 'rfe': 'Feature Selection', 'learning': 'Learning Curve', 'manifold': 'Manifold Learning', 'vc': 'Validation Curve', 'feature': 'Feature Importance', 'feature_all': 'Feature Importance (All)', 'tree': 'Decision Tree', 'residuals_interactive': 'Interactive Residuals'}, train_size=0.7, test_data=None, preprocess=True, imputation_type=simple, iterative_imputation_iters=5, categorical_features=None, categorical_imputation=constant, categorical_iterative_imputer=lightgbm, ordinal_features=None, high_cardinality_features=None, high_cardinality_method=frequency, numeric_features=None, numeric_imputation=mean, numeric_iterative_imputer=lightgbm, date_features=None, ignore_features=None, normalize=False, normalize_method=zscore, transformation=False, transformation_method=yeo-johnson, handle_unknown_categorical=True, unknown_categorical_method=least_frequent, pca=False, pca_method=linear, pca_components=None, ignore_low_variance=False, combine_rare_levels=False, rare_level_threshold=0.1, bin_numeric_features=None, remove_outliers=False, outliers_threshold=0.05, remove_multicollinearity=False, multicollinearity_threshold=0.9, remove_perfect_collinearity=True, create_clusters=False, cluster_iter=20, polynomial_features=False, polynomial_degree=2, trigonometry_features=False, polynomial_threshold=0.1, group_features=None, group_names=None, feature_selection=False, feature_selection_threshold=0.8, feature_selection_method=classic, feature_interaction=False, feature_ratio=False, interaction_threshold=0.01, fix_imbalance=False, fix_imbalance_method=None, transform_target=False, transform_target_method=box-cox, data_split_shuffle=True, data_split_stratify=False, fold_strategy=kfold, fold=10, fold_shuffle=False, fold_groups=None, n_jobs=-1, use_gpu=False, custom_pipeline=None, html=True, session_id=None, log_experiment=False, experiment_name=None, log_plots=False, log_profile=False, log_data=False, silent=False, verbose=True, profile=False, profile_kwargs=None, display=None)
2021-05-06 22:13:58,756:INFO:Checking environment
2021-05-06 22:13:58,756:INFO:python_version: 3.7.6
2021-05-06 22:13:58,756:INFO:python_build: ('default', 'Jan  8 2020 20:23:39')
2021-05-06 22:13:58,756:INFO:machine: AMD64
2021-05-06 22:13:58,757:INFO:platform: Windows-10-10.0.19041-SP0
2021-05-06 22:13:58,757:INFO:Memory: svmem(total=6333771776, available=622968832, percent=90.2, used=5710802944, free=622968832)
2021-05-06 22:13:58,757:INFO:Physical Core: 2
2021-05-06 22:13:58,758:INFO:Logical Core: 4
2021-05-06 22:13:58,758:INFO:Checking libraries
2021-05-06 22:13:58,758:INFO:pd==1.0.1
2021-05-06 22:13:58,758:INFO:numpy==1.19.5
2021-05-06 22:13:58,758:INFO:sklearn==0.23.2
2021-05-06 22:13:58,758:INFO:lightgbm==3.1.1
2021-05-06 22:13:58,758:INFO:catboost==0.24.4
2021-05-06 22:13:58,758:INFO:xgboost==1.3.1
2021-05-06 22:14:00,053:INFO:mlflow==1.14.1
2021-05-06 22:14:00,053:INFO:Checking Exceptions
2021-05-06 22:14:00,053:INFO:Declaring global variables
2021-05-06 22:14:00,053:INFO:USI: 83ba
2021-05-06 22:14:00,053:INFO:pycaret_globals: {'fold_param', 'stratify_param', 'prep_pipe', 'create_model_container', 'log_plots_param', '_internal_pipeline', 'experiment__', 'logging_param', '_all_models_internal', 'transform_target_method_param', 'display_container', 'iterative_imputation_iters_param', 'X_train', 'pycaret_globals', 'imputation_regressor', 'X_test', 'n_jobs_param', 'gpu_param', 'master_model_container', 'seed', 'transform_target_param', 'y_test', 'imputation_classifier', 'html_param', 'fold_shuffle_param', 'USI', '_all_metrics', 'fold_generator', 'fix_imbalance_method_param', '_all_models', '_gpu_n_jobs_param', '_ml_usecase', 'target_param', 'y', 'fold_groups_param', 'exp_name_log', 'data_before_preprocess', '_available_plots', 'y_train', 'X', 'fix_imbalance_param'}
2021-05-06 22:14:00,053:INFO:Preparing display monitor
2021-05-06 22:14:00,068:INFO:Preparing display monitor
2021-05-06 22:14:00,084:INFO:Importing libraries
2021-05-06 22:14:00,084:INFO:Copying data for preprocessing
2021-05-06 22:14:00,117:INFO:Declaring preprocessing parameters
2021-05-06 22:14:00,125:INFO:Creating preprocessing pipeline
2021-05-06 22:14:00,204:INFO:Preprocessing pipeline created successfully
2021-05-06 22:14:00,204:ERROR:(Process Exit): setup has been interupted with user command 'quit'. setup must rerun.
2021-05-06 22:14:00,205:INFO:Creating global containers
2021-05-06 22:14:00,207:INFO:Internal pipeline: Pipeline(memory=None, steps=[('empty_step', 'passthrough')], verbose=False)
2021-05-06 22:14:08,564:INFO:Creating grid variables
2021-05-06 22:14:08,646:INFO:create_model_container: 0
2021-05-06 22:14:08,646:INFO:master_model_container: 0
2021-05-06 22:14:08,647:INFO:display_container: 1
2021-05-06 22:14:08,657:INFO:Pipeline(memory=None,
         steps=[('dtypes',
                 DataTypes_Auto_infer(categorical_features=[],
                                      display_types=True, features_todrop=[],
                                      id_columns=[], ml_usecase='regression',
                                      numerical_features=[], target='SalePrice',
                                      time_features=[])),
                ('imputer',
                 Simple_Imputer(categorical_strategy='not_available',
                                fill_value_categorical=None,
                                fill_value_numerical=None,
                                numeric_strate...
                ('scaling', 'passthrough'), ('P_transform', 'passthrough'),
                ('binn', 'passthrough'), ('rem_outliers', 'passthrough'),
                ('cluster_all', 'passthrough'),
                ('dummy', Dummify(target='SalePrice')),
                ('fix_perfect', Remove_100(target='SalePrice')),
                ('clean_names', Clean_Colum_Names()),
                ('feature_select', 'passthrough'), ('fix_multi', 'passthrough'),
                ('dfs', 'passthrough'), ('pca', 'passthrough')],
         verbose=False)
2021-05-06 22:14:08,657:INFO:setup() succesfully completed......................................
2021-05-06 22:14:08,822:INFO:Initializing compare_models()
2021-05-06 22:14:08,823:INFO:compare_models(include=['lr', 'ridge', 'lasso', 'rf', 'gbr', 'xgboost', 'en', 'catboost'], fold=None, round=4, cross_validation=True, sort=MAPE, n_select=1, budget_time=None, turbo=True, errors=ignore, fit_kwargs=None, groups=None, verbose=True, display=None, exclude=None)
2021-05-06 22:14:08,823:INFO:Checking exceptions
2021-05-06 22:14:08,823:INFO:Preparing display monitor
2021-05-06 22:14:08,824:INFO:Preparing display monitor
2021-05-06 22:14:08,887:INFO:Initializing Linear Regression
2021-05-06 22:14:08,888:INFO:Total runtime is 1.665353775024414e-05 minutes
2021-05-06 22:14:08,922:INFO:SubProcess create_model() called ==================================
2021-05-06 22:14:08,924:INFO:Initializing create_model()
2021-05-06 22:14:08,924:INFO:create_model(estimator=lr, fold=KFold(n_splits=10, random_state=None, shuffle=False), round=4, cross_validation=True, predict=True, fit_kwargs={}, groups=None, refit=False, verbose=False, system=False, metrics=None, display=<pycaret.internal.Display.Display object at 0x00000205FD9D4108>, kwargs={})
2021-05-06 22:14:08,925:INFO:Checking exceptions
2021-05-06 22:14:08,925:INFO:Importing libraries
2021-05-06 22:14:08,925:INFO:Copying training dataset
2021-05-06 22:14:08,930:INFO:Defining folds
2021-05-06 22:14:08,930:INFO:Declaring metric variables
2021-05-06 22:14:08,955:INFO:Importing untrained model
2021-05-06 22:14:08,975:INFO:Linear Regression Imported succesfully
2021-05-06 22:14:09,006:INFO:Starting cross validation
2021-05-06 22:14:09,017:INFO:Cross validating with KFold(n_splits=10, random_state=None, shuffle=False), n_jobs=-1
2021-05-06 22:14:19,341:INFO:Calculating mean and std
2021-05-06 22:14:19,343:INFO:Creating metrics dataframe
2021-05-06 22:14:19,353:INFO:Uploading results into container
2021-05-06 22:14:19,353:INFO:Uploading model into container now
2021-05-06 22:14:19,353:INFO:create_model_container: 1
2021-05-06 22:14:19,353:INFO:master_model_container: 1
2021-05-06 22:14:19,353:INFO:display_container: 2
2021-05-06 22:14:19,354:INFO:LinearRegression(copy_X=True, fit_intercept=True, n_jobs=-1, normalize=False)
2021-05-06 22:14:19,354:INFO:create_model() succesfully completed......................................
2021-05-06 22:14:19,549:INFO:SubProcess create_model() end ==================================
2021-05-06 22:14:19,549:INFO:Creating metrics dataframe
2021-05-06 22:14:19,570:INFO:Initializing Ridge Regression
2021-05-06 22:14:19,571:INFO:Total runtime is 0.17807068427403766 minutes
2021-05-06 22:14:19,588:INFO:SubProcess create_model() called ==================================
2021-05-06 22:14:19,589:INFO:Initializing create_model()
2021-05-06 22:14:19,589:INFO:create_model(estimator=ridge, fold=KFold(n_splits=10, random_state=None, shuffle=False), round=4, cross_validation=True, predict=True, fit_kwargs={}, groups=None, refit=False, verbose=False, system=False, metrics=None, display=<pycaret.internal.Display.Display object at 0x00000205FD9D4108>, kwargs={})
2021-05-06 22:14:19,590:INFO:Checking exceptions
2021-05-06 22:14:19,591:INFO:Importing libraries
2021-05-06 22:14:19,591:INFO:Copying training dataset
2021-05-06 22:14:19,594:INFO:Defining folds
2021-05-06 22:14:19,594:INFO:Declaring metric variables
2021-05-06 22:14:19,614:INFO:Importing untrained model
2021-05-06 22:14:19,635:INFO:Ridge Regression Imported succesfully
2021-05-06 22:14:19,674:INFO:Starting cross validation
2021-05-06 22:14:19,676:INFO:Cross validating with KFold(n_splits=10, random_state=None, shuffle=False), n_jobs=-1
2021-05-06 22:14:20,103:INFO:Calculating mean and std
2021-05-06 22:14:20,105:INFO:Creating metrics dataframe
2021-05-06 22:14:20,118:INFO:Uploading results into container
2021-05-06 22:14:20,118:INFO:Uploading model into container now
2021-05-06 22:14:20,118:INFO:create_model_container: 2
2021-05-06 22:14:20,118:INFO:master_model_container: 2
2021-05-06 22:14:20,118:INFO:display_container: 2
2021-05-06 22:14:20,119:INFO:Ridge(alpha=1.0, copy_X=True, fit_intercept=True, max_iter=None,
      normalize=False, random_state=3153, solver='auto', tol=0.001)
2021-05-06 22:14:20,119:INFO:create_model() succesfully completed......................................
2021-05-06 22:14:20,245:INFO:SubProcess create_model() end ==================================
2021-05-06 22:14:20,245:INFO:Creating metrics dataframe
2021-05-06 22:14:20,269:INFO:Initializing Lasso Regression
2021-05-06 22:14:20,269:INFO:Total runtime is 0.1896973689397176 minutes
2021-05-06 22:14:20,287:INFO:SubProcess create_model() called ==================================
2021-05-06 22:14:20,287:INFO:Initializing create_model()
2021-05-06 22:14:20,288:INFO:create_model(estimator=lasso, fold=KFold(n_splits=10, random_state=None, shuffle=False), round=4, cross_validation=True, predict=True, fit_kwargs={}, groups=None, refit=False, verbose=False, system=False, metrics=None, display=<pycaret.internal.Display.Display object at 0x00000205FD9D4108>, kwargs={})
2021-05-06 22:14:20,288:INFO:Checking exceptions
2021-05-06 22:14:20,288:INFO:Importing libraries
2021-05-06 22:14:20,288:INFO:Copying training dataset
2021-05-06 22:14:20,292:INFO:Defining folds
2021-05-06 22:14:20,292:INFO:Declaring metric variables
2021-05-06 22:14:20,308:INFO:Importing untrained model
2021-05-06 22:14:20,322:INFO:Lasso Regression Imported succesfully
2021-05-06 22:14:20,364:INFO:Starting cross validation
2021-05-06 22:14:20,365:INFO:Cross validating with KFold(n_splits=10, random_state=None, shuffle=False), n_jobs=-1
2021-05-06 22:14:25,951:INFO:Calculating mean and std
2021-05-06 22:14:25,953:INFO:Creating metrics dataframe
2021-05-06 22:14:25,963:INFO:Uploading results into container
2021-05-06 22:14:25,963:INFO:Uploading model into container now
2021-05-06 22:14:25,963:INFO:create_model_container: 3
2021-05-06 22:14:25,963:INFO:master_model_container: 3
2021-05-06 22:14:25,963:INFO:display_container: 2
2021-05-06 22:14:25,964:INFO:Lasso(alpha=1.0, copy_X=True, fit_intercept=True, max_iter=1000,
      normalize=False, positive=False, precompute=False, random_state=3153,
      selection='cyclic', tol=0.0001, warm_start=False)
2021-05-06 22:14:25,964:INFO:create_model() succesfully completed......................................
2021-05-06 22:14:26,118:INFO:SubProcess create_model() end ==================================
2021-05-06 22:14:26,118:INFO:Creating metrics dataframe
2021-05-06 22:14:26,146:INFO:Initializing Random Forest Regressor
2021-05-06 22:14:26,147:INFO:Total runtime is 0.287657880783081 minutes
2021-05-06 22:14:26,162:INFO:SubProcess create_model() called ==================================
2021-05-06 22:14:26,163:INFO:Initializing create_model()
2021-05-06 22:14:26,163:INFO:create_model(estimator=rf, fold=KFold(n_splits=10, random_state=None, shuffle=False), round=4, cross_validation=True, predict=True, fit_kwargs={}, groups=None, refit=False, verbose=False, system=False, metrics=None, display=<pycaret.internal.Display.Display object at 0x00000205FD9D4108>, kwargs={})
2021-05-06 22:14:26,163:INFO:Checking exceptions
2021-05-06 22:14:26,163:INFO:Importing libraries
2021-05-06 22:14:26,164:INFO:Copying training dataset
2021-05-06 22:14:26,166:INFO:Defining folds
2021-05-06 22:14:26,166:INFO:Declaring metric variables
2021-05-06 22:14:26,183:INFO:Importing untrained model
2021-05-06 22:14:26,202:INFO:Random Forest Regressor Imported succesfully
2021-05-06 22:14:26,232:INFO:Starting cross validation
2021-05-06 22:14:26,234:INFO:Cross validating with KFold(n_splits=10, random_state=None, shuffle=False), n_jobs=-1
2021-05-06 22:14:52,474:INFO:Calculating mean and std
2021-05-06 22:14:52,476:INFO:Creating metrics dataframe
2021-05-06 22:14:52,483:INFO:Uploading results into container
2021-05-06 22:14:52,483:INFO:Uploading model into container now
2021-05-06 22:14:52,484:INFO:create_model_container: 4
2021-05-06 22:14:52,484:INFO:master_model_container: 4
2021-05-06 22:14:52,484:INFO:display_container: 2
2021-05-06 22:14:52,485:INFO:RandomForestRegressor(bootstrap=True, ccp_alpha=0.0, criterion='mse',
                      max_depth=None, max_features='auto', max_leaf_nodes=None,
                      max_samples=None, min_impurity_decrease=0.0,
                      min_impurity_split=None, min_samples_leaf=1,
                      min_samples_split=2, min_weight_fraction_leaf=0.0,
                      n_estimators=100, n_jobs=-1, oob_score=False,
                      random_state=3153, verbose=0, warm_start=False)
2021-05-06 22:14:52,486:INFO:create_model() succesfully completed......................................
2021-05-06 22:14:52,665:INFO:SubProcess create_model() end ==================================
2021-05-06 22:14:52,665:INFO:Creating metrics dataframe
2021-05-06 22:14:52,694:INFO:Initializing Gradient Boosting Regressor
2021-05-06 22:14:52,694:INFO:Total runtime is 0.7301112890243531 minutes
2021-05-06 22:14:52,712:INFO:SubProcess create_model() called ==================================
2021-05-06 22:14:52,712:INFO:Initializing create_model()
2021-05-06 22:14:52,713:INFO:create_model(estimator=gbr, fold=KFold(n_splits=10, random_state=None, shuffle=False), round=4, cross_validation=True, predict=True, fit_kwargs={}, groups=None, refit=False, verbose=False, system=False, metrics=None, display=<pycaret.internal.Display.Display object at 0x00000205FD9D4108>, kwargs={})
2021-05-06 22:14:52,713:INFO:Checking exceptions
2021-05-06 22:14:52,713:INFO:Importing libraries
2021-05-06 22:14:52,713:INFO:Copying training dataset
2021-05-06 22:14:52,716:INFO:Defining folds
2021-05-06 22:14:52,716:INFO:Declaring metric variables
2021-05-06 22:14:52,733:INFO:Importing untrained model
2021-05-06 22:14:52,748:INFO:Gradient Boosting Regressor Imported succesfully
2021-05-06 22:14:52,783:INFO:Starting cross validation
2021-05-06 22:14:52,784:INFO:Cross validating with KFold(n_splits=10, random_state=None, shuffle=False), n_jobs=-1
2021-05-06 22:14:59,899:INFO:Calculating mean and std
2021-05-06 22:14:59,900:INFO:Creating metrics dataframe
2021-05-06 22:14:59,907:INFO:Uploading results into container
2021-05-06 22:14:59,908:INFO:Uploading model into container now
2021-05-06 22:14:59,908:INFO:create_model_container: 5
2021-05-06 22:14:59,908:INFO:master_model_container: 5
2021-05-06 22:14:59,908:INFO:display_container: 2
2021-05-06 22:14:59,910:INFO:GradientBoostingRegressor(alpha=0.9, ccp_alpha=0.0, criterion='friedman_mse',
                          init=None, learning_rate=0.1, loss='ls', max_depth=3,
                          max_features=None, max_leaf_nodes=None,
                          min_impurity_decrease=0.0, min_impurity_split=None,
                          min_samples_leaf=1, min_samples_split=2,
                          min_weight_fraction_leaf=0.0, n_estimators=100,
                          n_iter_no_change=None, presort='deprecated',
                          random_state=3153, subsample=1.0, tol=0.0001,
                          validation_fraction=0.1, verbose=0, warm_start=False)
2021-05-06 22:14:59,910:INFO:create_model() succesfully completed......................................
2021-05-06 22:15:00,066:INFO:SubProcess create_model() end ==================================
2021-05-06 22:15:00,067:INFO:Creating metrics dataframe
2021-05-06 22:15:00,100:INFO:Initializing Extreme Gradient Boosting
2021-05-06 22:15:00,100:INFO:Total runtime is 0.8535402099291484 minutes
2021-05-06 22:15:00,116:INFO:SubProcess create_model() called ==================================
2021-05-06 22:15:00,117:INFO:Initializing create_model()
2021-05-06 22:15:00,117:INFO:create_model(estimator=xgboost, fold=KFold(n_splits=10, random_state=None, shuffle=False), round=4, cross_validation=True, predict=True, fit_kwargs={}, groups=None, refit=False, verbose=False, system=False, metrics=None, display=<pycaret.internal.Display.Display object at 0x00000205FD9D4108>, kwargs={})
2021-05-06 22:15:00,117:INFO:Checking exceptions
2021-05-06 22:15:00,117:INFO:Importing libraries
2021-05-06 22:15:00,118:INFO:Copying training dataset
2021-05-06 22:15:00,120:INFO:Defining folds
2021-05-06 22:15:00,120:INFO:Declaring metric variables
2021-05-06 22:15:00,138:INFO:Importing untrained model
2021-05-06 22:15:00,153:INFO:Extreme Gradient Boosting Imported succesfully
2021-05-06 22:15:00,188:INFO:Starting cross validation
2021-05-06 22:15:00,190:INFO:Cross validating with KFold(n_splits=10, random_state=None, shuffle=False), n_jobs=-1
2021-05-06 22:15:18,678:INFO:Calculating mean and std
2021-05-06 22:15:18,681:INFO:Creating metrics dataframe
2021-05-06 22:15:18,694:INFO:Uploading results into container
2021-05-06 22:15:18,694:INFO:Uploading model into container now
2021-05-06 22:15:18,695:INFO:create_model_container: 6
2021-05-06 22:15:18,695:INFO:master_model_container: 6
2021-05-06 22:15:18,695:INFO:display_container: 2
2021-05-06 22:15:18,697:INFO:XGBRegressor(base_score=None, booster='gbtree', colsample_bylevel=None,
             colsample_bynode=None, colsample_bytree=None, gamma=None,
             gpu_id=None, importance_type='gain', interaction_constraints=None,
             learning_rate=None, max_delta_step=None, max_depth=None,
             min_child_weight=None, missing=nan, monotone_constraints=None,
             n_estimators=100, n_jobs=-1, num_parallel_tree=None,
             objective='reg:squarederror', random_state=3153, reg_alpha=None,
             reg_lambda=None, scale_pos_weight=None, subsample=None,
             tree_method='auto', validate_parameters=None, verbosity=0)
2021-05-06 22:15:18,697:INFO:create_model() succesfully completed......................................
2021-05-06 22:15:18,864:INFO:SubProcess create_model() end ==================================
2021-05-06 22:15:18,864:INFO:Creating metrics dataframe
2021-05-06 22:15:18,910:INFO:Initializing Elastic Net
2021-05-06 22:15:18,911:INFO:Total runtime is 1.1670682350794475 minutes
2021-05-06 22:15:18,927:INFO:SubProcess create_model() called ==================================
2021-05-06 22:15:18,928:INFO:Initializing create_model()
2021-05-06 22:15:18,928:INFO:create_model(estimator=en, fold=KFold(n_splits=10, random_state=None, shuffle=False), round=4, cross_validation=True, predict=True, fit_kwargs={}, groups=None, refit=False, verbose=False, system=False, metrics=None, display=<pycaret.internal.Display.Display object at 0x00000205FD9D4108>, kwargs={})
2021-05-06 22:15:18,928:INFO:Checking exceptions
2021-05-06 22:15:18,928:INFO:Importing libraries
2021-05-06 22:15:18,928:INFO:Copying training dataset
2021-05-06 22:15:18,932:INFO:Defining folds
2021-05-06 22:15:18,932:INFO:Declaring metric variables
2021-05-06 22:15:18,947:INFO:Importing untrained model
2021-05-06 22:15:18,963:INFO:Elastic Net Imported succesfully
2021-05-06 22:15:18,997:INFO:Starting cross validation
2021-05-06 22:15:18,998:INFO:Cross validating with KFold(n_splits=10, random_state=None, shuffle=False), n_jobs=-1
2021-05-06 22:15:25,651:INFO:Calculating mean and std
2021-05-06 22:15:25,653:INFO:Creating metrics dataframe
2021-05-06 22:15:25,659:INFO:Uploading results into container
2021-05-06 22:15:25,659:INFO:Uploading model into container now
2021-05-06 22:15:25,659:INFO:create_model_container: 7
2021-05-06 22:15:25,660:INFO:master_model_container: 7
2021-05-06 22:15:25,660:INFO:display_container: 2
2021-05-06 22:15:25,660:INFO:ElasticNet(alpha=1.0, copy_X=True, fit_intercept=True, l1_ratio=0.5,
           max_iter=1000, normalize=False, positive=False, precompute=False,
           random_state=3153, selection='cyclic', tol=0.0001, warm_start=False)
2021-05-06 22:15:25,660:INFO:create_model() succesfully completed......................................
2021-05-06 22:15:25,808:INFO:SubProcess create_model() end ==================================
2021-05-06 22:15:25,809:INFO:Creating metrics dataframe
2021-05-06 22:15:25,853:INFO:Initializing CatBoost Regressor
2021-05-06 22:15:25,854:INFO:Total runtime is 1.2827852924664815 minutes
2021-05-06 22:15:25,872:INFO:SubProcess create_model() called ==================================
2021-05-06 22:15:25,872:INFO:Initializing create_model()
2021-05-06 22:15:25,872:INFO:create_model(estimator=catboost, fold=KFold(n_splits=10, random_state=None, shuffle=False), round=4, cross_validation=True, predict=True, fit_kwargs={}, groups=None, refit=False, verbose=False, system=False, metrics=None, display=<pycaret.internal.Display.Display object at 0x00000205FD9D4108>, kwargs={})
2021-05-06 22:15:25,873:INFO:Checking exceptions
2021-05-06 22:15:25,873:INFO:Importing libraries
2021-05-06 22:15:25,873:INFO:Copying training dataset
2021-05-06 22:15:25,876:INFO:Defining folds
2021-05-06 22:15:25,877:INFO:Declaring metric variables
2021-05-06 22:15:25,893:INFO:Importing untrained model
2021-05-06 22:15:25,925:INFO:CatBoost Regressor Imported succesfully
2021-05-06 22:15:25,957:INFO:Starting cross validation
2021-05-06 22:15:25,961:INFO:Cross validating with KFold(n_splits=10, random_state=None, shuffle=False), n_jobs=-1
2021-05-06 22:17:13,469:INFO:Calculating mean and std
2021-05-06 22:17:13,472:INFO:Creating metrics dataframe
2021-05-06 22:17:13,485:INFO:Uploading results into container
2021-05-06 22:17:13,486:INFO:Uploading model into container now
2021-05-06 22:17:13,486:INFO:create_model_container: 8
2021-05-06 22:17:13,486:INFO:master_model_container: 8
2021-05-06 22:17:13,487:INFO:display_container: 2
2021-05-06 22:17:13,487:INFO:<catboost.core.CatBoostRegressor object at 0x00000205FEE57788>
2021-05-06 22:17:13,487:INFO:create_model() succesfully completed......................................
2021-05-06 22:17:13,641:INFO:SubProcess create_model() end ==================================
2021-05-06 22:17:13,642:INFO:Creating metrics dataframe
2021-05-06 22:17:13,787:INFO:Initializing create_model()
2021-05-06 22:17:13,787:INFO:create_model(estimator=<catboost.core.CatBoostRegressor object at 0x00000205FEE57788>, fold=KFold(n_splits=10, random_state=None, shuffle=False), round=4, cross_validation=False, predict=False, fit_kwargs={}, groups=None, refit=True, verbose=False, system=False, metrics=None, display=None, kwargs={})
2021-05-06 22:17:13,788:INFO:Checking exceptions
2021-05-06 22:17:13,788:INFO:Importing libraries
2021-05-06 22:17:13,788:INFO:Copying training dataset
2021-05-06 22:17:13,791:INFO:Defining folds
2021-05-06 22:17:13,791:INFO:Declaring metric variables
2021-05-06 22:17:13,791:INFO:Importing untrained model
2021-05-06 22:17:13,791:INFO:Declaring custom model
2021-05-06 22:17:13,792:INFO:CatBoost Regressor Imported succesfully
2021-05-06 22:17:13,793:INFO:Cross validation set to False
2021-05-06 22:17:13,793:INFO:Fitting Model
2021-05-06 22:17:24,794:INFO:<catboost.core.CatBoostRegressor object at 0x00000205FEE72708>
2021-05-06 22:17:24,794:INFO:create_models() succesfully completed......................................
2021-05-06 22:17:24,986:INFO:create_model_container: 8
2021-05-06 22:17:24,986:INFO:master_model_container: 8
2021-05-06 22:17:24,986:INFO:display_container: 2
2021-05-06 22:17:24,987:INFO:<catboost.core.CatBoostRegressor object at 0x00000205FEE72708>
2021-05-06 22:17:24,987:INFO:compare_models() succesfully completed......................................
